{"/Users/olya/Desktop/space_craft_production/front-end/lib/test-utils/msw-handlers.ts": {"path":"/Users/olya/Desktop/space_craft_production/front-end/lib/test-utils/msw-handlers.ts","statementMap":{"0":{"start":{"line":4,"column":16},"end":{"line":4,"column":null}},"1":{"start":{"line":6,"column":24},"end":{"line":127,"column":null}},"2":{"start":{"line":9,"column":4},"end":{"line":9,"column":null}},"3":{"start":{"line":13,"column":17},"end":{"line":13,"column":null}},"4":{"start":{"line":14,"column":4},"end":{"line":16,"column":null}},"5":{"start":{"line":15,"column":6},"end":{"line":15,"column":null}},"6":{"start":{"line":17,"column":4},"end":{"line":20,"column":null}},"7":{"start":{"line":24,"column":4},"end":{"line":24,"column":null}},"8":{"start":{"line":28,"column":17},"end":{"line":28,"column":null}},"9":{"start":{"line":29,"column":4},"end":{"line":29,"column":null}},"10":{"start":{"line":34,"column":4},"end":{"line":36,"column":null}},"11":{"start":{"line":40,"column":4},"end":{"line":40,"column":null}},"12":{"start":{"line":44,"column":17},"end":{"line":44,"column":null}},"13":{"start":{"line":45,"column":4},"end":{"line":45,"column":null}},"14":{"start":{"line":49,"column":17},"end":{"line":49,"column":null}},"15":{"start":{"line":50,"column":4},"end":{"line":55,"column":null}},"16":{"start":{"line":59,"column":4},"end":{"line":59,"column":null}},"17":{"start":{"line":64,"column":4},"end":{"line":66,"column":null}},"18":{"start":{"line":70,"column":4},"end":{"line":70,"column":null}},"19":{"start":{"line":74,"column":17},"end":{"line":74,"column":null}},"20":{"start":{"line":75,"column":4},"end":{"line":75,"column":null}},"21":{"start":{"line":79,"column":17},"end":{"line":79,"column":null}},"22":{"start":{"line":80,"column":4},"end":{"line":85,"column":null}},"23":{"start":{"line":89,"column":4},"end":{"line":89,"column":null}},"24":{"start":{"line":94,"column":4},"end":{"line":96,"column":null}},"25":{"start":{"line":100,"column":4},"end":{"line":100,"column":null}},"26":{"start":{"line":104,"column":17},"end":{"line":104,"column":null}},"27":{"start":{"line":105,"column":4},"end":{"line":105,"column":null}},"28":{"start":{"line":109,"column":4},"end":{"line":109,"column":null}},"29":{"start":{"line":114,"column":4},"end":{"line":116,"column":null}},"30":{"start":{"line":120,"column":17},"end":{"line":120,"column":null}},"31":{"start":{"line":121,"column":4},"end":{"line":121,"column":null}},"32":{"start":{"line":125,"column":4},"end":{"line":125,"column":null}}},"fnMap":{"0":{"name":"(anonymous_0)","decl":{"start":{"line":8,"column":34},"end":{"line":8,"column":40}},"loc":{"start":{"line":8,"column":40},"end":{"line":10,"column":3}},"line":8},"1":{"name":"(anonymous_1)","decl":{"start":{"line":12,"column":38},"end":{"line":12,"column":45}},"loc":{"start":{"line":12,"column":61},"end":{"line":21,"column":3}},"line":12},"2":{"name":"(anonymous_2)","decl":{"start":{"line":23,"column":39},"end":{"line":23,"column":45}},"loc":{"start":{"line":23,"column":45},"end":{"line":25,"column":3}},"line":23},"3":{"name":"(anonymous_3)","decl":{"start":{"line":27,"column":41},"end":{"line":27,"column":48}},"loc":{"start":{"line":27,"column":64},"end":{"line":30,"column":3}},"line":27},"4":{"name":"(anonymous_4)","decl":{"start":{"line":33,"column":33},"end":{"line":33,"column":39}},"loc":{"start":{"line":33,"column":39},"end":{"line":37,"column":3}},"line":33},"5":{"name":"(anonymous_5)","decl":{"start":{"line":39,"column":39},"end":{"line":39,"column":40}},"loc":{"start":{"line":39,"column":55},"end":{"line":41,"column":3}},"line":39},"6":{"name":"(anonymous_6)","decl":{"start":{"line":43,"column":34},"end":{"line":43,"column":41}},"loc":{"start":{"line":43,"column":57},"end":{"line":46,"column":3}},"line":43},"7":{"name":"(anonymous_7)","decl":{"start":{"line":48,"column":41},"end":{"line":48,"column":48}},"loc":{"start":{"line":48,"column":72},"end":{"line":56,"column":3}},"line":48},"8":{"name":"(anonymous_8)","decl":{"start":{"line":58,"column":42},"end":{"line":58,"column":48}},"loc":{"start":{"line":58,"column":48},"end":{"line":60,"column":3}},"line":58},"9":{"name":"(anonymous_9)","decl":{"start":{"line":63,"column":35},"end":{"line":63,"column":41}},"loc":{"start":{"line":63,"column":41},"end":{"line":67,"column":3}},"line":63},"10":{"name":"(anonymous_10)","decl":{"start":{"line":69,"column":41},"end":{"line":69,"column":42}},"loc":{"start":{"line":69,"column":57},"end":{"line":71,"column":3}},"line":69},"11":{"name":"(anonymous_11)","decl":{"start":{"line":73,"column":36},"end":{"line":73,"column":43}},"loc":{"start":{"line":73,"column":59},"end":{"line":76,"column":3}},"line":73},"12":{"name":"(anonymous_12)","decl":{"start":{"line":78,"column":43},"end":{"line":78,"column":50}},"loc":{"start":{"line":78,"column":74},"end":{"line":86,"column":3}},"line":78},"13":{"name":"(anonymous_13)","decl":{"start":{"line":88,"column":44},"end":{"line":88,"column":50}},"loc":{"start":{"line":88,"column":50},"end":{"line":90,"column":3}},"line":88},"14":{"name":"(anonymous_14)","decl":{"start":{"line":93,"column":35},"end":{"line":93,"column":41}},"loc":{"start":{"line":93,"column":41},"end":{"line":97,"column":3}},"line":93},"15":{"name":"(anonymous_15)","decl":{"start":{"line":99,"column":41},"end":{"line":99,"column":42}},"loc":{"start":{"line":99,"column":57},"end":{"line":101,"column":3}},"line":99},"16":{"name":"(anonymous_16)","decl":{"start":{"line":103,"column":36},"end":{"line":103,"column":43}},"loc":{"start":{"line":103,"column":59},"end":{"line":106,"column":3}},"line":103},"17":{"name":"(anonymous_17)","decl":{"start":{"line":108,"column":44},"end":{"line":108,"column":50}},"loc":{"start":{"line":108,"column":50},"end":{"line":110,"column":3}},"line":108},"18":{"name":"(anonymous_18)","decl":{"start":{"line":113,"column":32},"end":{"line":113,"column":38}},"loc":{"start":{"line":113,"column":38},"end":{"line":117,"column":3}},"line":113},"19":{"name":"(anonymous_19)","decl":{"start":{"line":119,"column":40},"end":{"line":119,"column":47}},"loc":{"start":{"line":119,"column":63},"end":{"line":122,"column":3}},"line":119},"20":{"name":"(anonymous_20)","decl":{"start":{"line":124,"column":39},"end":{"line":124,"column":45}},"loc":{"start":{"line":124,"column":45},"end":{"line":126,"column":3}},"line":124}},"branchMap":{"0":{"loc":{"start":{"line":4,"column":16},"end":{"line":4,"column":null}},"type":"binary-expr","locations":[{"start":{"line":4,"column":16},"end":{"line":4,"column":51}},{"start":{"line":4,"column":51},"end":{"line":4,"column":null}}],"line":4},"1":{"loc":{"start":{"line":14,"column":4},"end":{"line":16,"column":null}},"type":"if","locations":[{"start":{"line":14,"column":4},"end":{"line":16,"column":null}},{"start":{},"end":{}}],"line":14},"2":{"loc":{"start":{"line":14,"column":8},"end":{"line":14,"column":98}},"type":"binary-expr","locations":[{"start":{"line":14,"column":8},"end":{"line":14,"column":16}},{"start":{"line":14,"column":16},"end":{"line":14,"column":44}},{"start":{"line":14,"column":44},"end":{"line":14,"column":63}},{"start":{"line":14,"column":63},"end":{"line":14,"column":98}}],"line":14},"3":{"loc":{"start":{"line":29,"column":48},"end":{"line":29,"column":99}},"type":"cond-expr","locations":[{"start":{"line":29,"column":83},"end":{"line":29,"column":97}},{"start":{"line":29,"column":97},"end":{"line":29,"column":99}}],"line":29},"4":{"loc":{"start":{"line":29,"column":48},"end":{"line":29,"column":83}},"type":"binary-expr","locations":[{"start":{"line":29,"column":48},"end":{"line":29,"column":56}},{"start":{"line":29,"column":56},"end":{"line":29,"column":83}}],"line":29},"5":{"loc":{"start":{"line":45,"column":50},"end":{"line":45,"column":101}},"type":"cond-expr","locations":[{"start":{"line":45,"column":85},"end":{"line":45,"column":99}},{"start":{"line":45,"column":99},"end":{"line":45,"column":101}}],"line":45},"6":{"loc":{"start":{"line":45,"column":50},"end":{"line":45,"column":85}},"type":"binary-expr","locations":[{"start":{"line":45,"column":50},"end":{"line":45,"column":58}},{"start":{"line":45,"column":58},"end":{"line":45,"column":85}}],"line":45},"7":{"loc":{"start":{"line":53,"column":12},"end":{"line":53,"column":null}},"type":"cond-expr","locations":[{"start":{"line":53,"column":47},"end":{"line":53,"column":61}},{"start":{"line":53,"column":61},"end":{"line":53,"column":null}}],"line":53},"8":{"loc":{"start":{"line":53,"column":12},"end":{"line":53,"column":47}},"type":"binary-expr","locations":[{"start":{"line":53,"column":12},"end":{"line":53,"column":20}},{"start":{"line":53,"column":20},"end":{"line":53,"column":47}}],"line":53},"9":{"loc":{"start":{"line":75,"column":54},"end":{"line":75,"column":105}},"type":"cond-expr","locations":[{"start":{"line":75,"column":89},"end":{"line":75,"column":103}},{"start":{"line":75,"column":103},"end":{"line":75,"column":105}}],"line":75},"10":{"loc":{"start":{"line":75,"column":54},"end":{"line":75,"column":89}},"type":"binary-expr","locations":[{"start":{"line":75,"column":54},"end":{"line":75,"column":62}},{"start":{"line":75,"column":62},"end":{"line":75,"column":89}}],"line":75},"11":{"loc":{"start":{"line":83,"column":12},"end":{"line":83,"column":null}},"type":"cond-expr","locations":[{"start":{"line":83,"column":47},"end":{"line":83,"column":61}},{"start":{"line":83,"column":61},"end":{"line":83,"column":null}}],"line":83},"12":{"loc":{"start":{"line":83,"column":12},"end":{"line":83,"column":47}},"type":"binary-expr","locations":[{"start":{"line":83,"column":12},"end":{"line":83,"column":20}},{"start":{"line":83,"column":20},"end":{"line":83,"column":47}}],"line":83},"13":{"loc":{"start":{"line":105,"column":54},"end":{"line":105,"column":105}},"type":"cond-expr","locations":[{"start":{"line":105,"column":89},"end":{"line":105,"column":103}},{"start":{"line":105,"column":103},"end":{"line":105,"column":105}}],"line":105},"14":{"loc":{"start":{"line":105,"column":54},"end":{"line":105,"column":89}},"type":"binary-expr","locations":[{"start":{"line":105,"column":54},"end":{"line":105,"column":62}},{"start":{"line":105,"column":62},"end":{"line":105,"column":89}}],"line":105},"15":{"loc":{"start":{"line":121,"column":48},"end":{"line":121,"column":99}},"type":"cond-expr","locations":[{"start":{"line":121,"column":83},"end":{"line":121,"column":97}},{"start":{"line":121,"column":97},"end":{"line":121,"column":99}}],"line":121},"16":{"loc":{"start":{"line":121,"column":48},"end":{"line":121,"column":83}},"type":"binary-expr","locations":[{"start":{"line":121,"column":48},"end":{"line":121,"column":56}},{"start":{"line":121,"column":56},"end":{"line":121,"column":83}}],"line":121}},"s":{"0":2,"1":2,"2":3,"3":0,"4":0,"5":0,"6":0,"7":0,"8":0,"9":0,"10":0,"11":0,"12":0,"13":0,"14":0,"15":0,"16":0,"17":0,"18":0,"19":0,"20":0,"21":0,"22":0,"23":0,"24":0,"25":0,"26":0,"27":0,"28":0,"29":0,"30":0,"31":0,"32":0},"f":{"0":3,"1":0,"2":0,"3":0,"4":0,"5":0,"6":0,"7":0,"8":0,"9":0,"10":0,"11":0,"12":0,"13":0,"14":0,"15":0,"16":0,"17":0,"18":0,"19":0,"20":0},"b":{"0":[2,2],"1":[0,0],"2":[0,0,0,0],"3":[0,0],"4":[0,0],"5":[0,0],"6":[0,0],"7":[0,0],"8":[0,0],"9":[0,0],"10":[0,0],"11":[0,0],"12":[0,0],"13":[0,0],"14":[0,0],"15":[0,0],"16":[0,0]},"meta":{"lastBranch":17,"lastFunction":21,"lastStatement":33,"seen":{"s:4:16:4:Infinity":0,"b:4:16:4:51:4:51:4:Infinity":0,"s:6:24:127:Infinity":1,"f:8:34:8:40":0,"s:9:4:9:Infinity":2,"f:12:38:12:45":1,"s:13:17:13:Infinity":3,"b:14:4:16:Infinity:undefined:undefined:undefined:undefined":1,"s:14:4:16:Infinity":4,"b:14:8:14:16:14:16:14:44:14:44:14:63:14:63:14:98":2,"s:15:6:15:Infinity":5,"s:17:4:20:Infinity":6,"f:23:39:23:45":2,"s:24:4:24:Infinity":7,"f:27:41:27:48":3,"s:28:17:28:Infinity":8,"s:29:4:29:Infinity":9,"b:29:83:29:97:29:97:29:99":3,"b:29:48:29:56:29:56:29:83":4,"f:33:33:33:39":4,"s:34:4:36:Infinity":10,"f:39:39:39:40":5,"s:40:4:40:Infinity":11,"f:43:34:43:41":6,"s:44:17:44:Infinity":12,"s:45:4:45:Infinity":13,"b:45:85:45:99:45:99:45:101":5,"b:45:50:45:58:45:58:45:85":6,"f:48:41:48:48":7,"s:49:17:49:Infinity":14,"s:50:4:55:Infinity":15,"b:53:47:53:61:53:61:53:Infinity":7,"b:53:12:53:20:53:20:53:47":8,"f:58:42:58:48":8,"s:59:4:59:Infinity":16,"f:63:35:63:41":9,"s:64:4:66:Infinity":17,"f:69:41:69:42":10,"s:70:4:70:Infinity":18,"f:73:36:73:43":11,"s:74:17:74:Infinity":19,"s:75:4:75:Infinity":20,"b:75:89:75:103:75:103:75:105":9,"b:75:54:75:62:75:62:75:89":10,"f:78:43:78:50":12,"s:79:17:79:Infinity":21,"s:80:4:85:Infinity":22,"b:83:47:83:61:83:61:83:Infinity":11,"b:83:12:83:20:83:20:83:47":12,"f:88:44:88:50":13,"s:89:4:89:Infinity":23,"f:93:35:93:41":14,"s:94:4:96:Infinity":24,"f:99:41:99:42":15,"s:100:4:100:Infinity":25,"f:103:36:103:43":16,"s:104:17:104:Infinity":26,"s:105:4:105:Infinity":27,"b:105:89:105:103:105:103:105:105":13,"b:105:54:105:62:105:62:105:89":14,"f:108:44:108:50":17,"s:109:4:109:Infinity":28,"f:113:32:113:38":18,"s:114:4:116:Infinity":29,"f:119:40:119:47":19,"s:120:17:120:Infinity":30,"s:121:4:121:Infinity":31,"b:121:83:121:97:121:97:121:99":15,"b:121:48:121:56:121:56:121:83":16,"f:124:39:124:45":20,"s:125:4:125:Infinity":32}}}
,"/Users/olya/Desktop/space_craft_production/front-end/lib/test-utils/msw-server.ts": {"path":"/Users/olya/Desktop/space_craft_production/front-end/lib/test-utils/msw-server.ts","statementMap":{"0":{"start":{"line":4,"column":13},"end":{"line":4,"column":null}}},"fnMap":{},"branchMap":{},"s":{"0":2},"f":{},"b":{},"meta":{"lastBranch":0,"lastFunction":0,"lastStatement":1,"seen":{"s:4:13:4:Infinity":0}}}
,"/Users/olya/Desktop/space_craft_production/front-end/lib/test-utils/render.tsx": {"path":"/Users/olya/Desktop/space_craft_production/front-end/lib/test-utils/render.tsx","statementMap":{"0":{"start":{"line":6,"column":30},"end":{"line":18,"column":null}},"1":{"start":{"line":7,"column":2},"end":{"line":18,"column":null}},"2":{"start":{"line":28,"column":70},"end":{"line":28,"column":null}},"3":{"start":{"line":31,"column":4},"end":{"line":34,"column":null}},"4":{"start":{"line":38,"column":2},"end":{"line":41,"column":null}}},"fnMap":{"0":{"name":"(anonymous_0)","decl":{"start":{"line":6,"column":30},"end":{"line":6,"column":null}},"loc":{"start":{"line":7,"column":2},"end":{"line":18,"column":null}},"line":7},"1":{"name":"renderWithProviders","decl":{"start":{"line":24,"column":16},"end":{"line":24,"column":null}},"loc":{"start":{"line":27,"column":2},"end":{"line":42,"column":null}},"line":27},"2":{"name":"Wrapper","decl":{"start":{"line":30,"column":11},"end":{"line":30,"column":19}},"loc":{"start":{"line":30,"column":58},"end":{"line":36,"column":null}},"line":30}},"branchMap":{"0":{"loc":{"start":{"line":26,"column":2},"end":{"line":26,"column":null}},"type":"default-arg","locations":[{"start":{"line":26,"column":33},"end":{"line":26,"column":null}}],"line":26},"1":{"loc":{"start":{"line":28,"column":10},"end":{"line":28,"column":49}},"type":"default-arg","locations":[{"start":{"line":28,"column":24},"end":{"line":28,"column":49}}],"line":28}},"s":{"0":1,"1":3,"2":3,"3":3,"4":3},"f":{"0":3,"1":3,"2":3},"b":{"0":[3],"1":[3]},"meta":{"lastBranch":2,"lastFunction":3,"lastStatement":5,"seen":{"s:6:30:18:Infinity":0,"f:6:30:6:Infinity":0,"s:7:2:18:Infinity":1,"f:24:16:24:Infinity":1,"b:26:33:26:Infinity":0,"s:28:70:28:Infinity":2,"b:28:24:28:49":1,"f:30:11:30:19":2,"s:31:4:34:Infinity":3,"s:38:2:41:Infinity":4}}}
,"/Users/olya/Desktop/space_craft_production/front-end/lib/test-utils/factories/display-factory.ts": {"path":"/Users/olya/Desktop/space_craft_production/front-end/lib/test-utils/factories/display-factory.ts","statementMap":{"0":{"start":{"line":18,"column":15},"end":{"line":18,"column":null}},"1":{"start":{"line":19,"column":2},"end":{"line":32,"column":null}},"2":{"start":{"line":36,"column":2},"end":{"line":36,"column":null}},"3":{"start":{"line":40,"column":2},"end":{"line":40,"column":null}}},"fnMap":{"0":{"name":"createDisplay","decl":{"start":{"line":17,"column":16},"end":{"line":17,"column":30}},"loc":{"start":{"line":17,"column":73},"end":{"line":33,"column":null}},"line":17},"1":{"name":"createStandardDisplay","decl":{"start":{"line":35,"column":16},"end":{"line":35,"column":38}},"loc":{"start":{"line":35,"column":81},"end":{"line":37,"column":null}},"line":35},"2":{"name":"createCustomDisplay","decl":{"start":{"line":39,"column":16},"end":{"line":39,"column":36}},"loc":{"start":{"line":39,"column":79},"end":{"line":41,"column":null}},"line":39}},"branchMap":{"0":{"loc":{"start":{"line":17,"column":30},"end":{"line":17,"column":73}},"type":"default-arg","locations":[{"start":{"line":17,"column":60},"end":{"line":17,"column":73}}],"line":17},"1":{"loc":{"start":{"line":35,"column":38},"end":{"line":35,"column":81}},"type":"default-arg","locations":[{"start":{"line":35,"column":68},"end":{"line":35,"column":81}}],"line":35},"2":{"loc":{"start":{"line":39,"column":36},"end":{"line":39,"column":79}},"type":"default-arg","locations":[{"start":{"line":39,"column":66},"end":{"line":39,"column":79}}],"line":39}},"s":{"0":1,"1":1,"2":0,"3":0},"f":{"0":1,"1":0,"2":0},"b":{"0":[1],"1":[0],"2":[0]},"meta":{"lastBranch":3,"lastFunction":3,"lastStatement":4,"seen":{"f:17:16:17:30":0,"b:17:60:17:73":0,"s:18:15:18:Infinity":0,"s:19:2:32:Infinity":1,"f:35:16:35:38":1,"b:35:68:35:81":1,"s:36:2:36:Infinity":2,"f:39:16:39:36":2,"b:39:66:39:79":2,"s:40:2:40:Infinity":3}}}
,"/Users/olya/Desktop/space_craft_production/front-end/lib/test-utils/factories/planogram-factory.ts": {"path":"/Users/olya/Desktop/space_craft_production/front-end/lib/test-utils/factories/planogram-factory.ts","statementMap":{"0":{"start":{"line":21,"column":15},"end":{"line":21,"column":null}},"1":{"start":{"line":22,"column":2},"end":{"line":41,"column":null}}},"fnMap":{"0":{"name":"createPlanogram","decl":{"start":{"line":20,"column":16},"end":{"line":20,"column":32}},"loc":{"start":{"line":20,"column":79},"end":{"line":42,"column":null}},"line":20}},"branchMap":{"0":{"loc":{"start":{"line":20,"column":32},"end":{"line":20,"column":79}},"type":"default-arg","locations":[{"start":{"line":20,"column":64},"end":{"line":20,"column":79}}],"line":20}},"s":{"0":1,"1":1},"f":{"0":1},"b":{"0":[1]},"meta":{"lastBranch":1,"lastFunction":1,"lastStatement":2,"seen":{"f:20:16:20:32":0,"b:20:64:20:79":0,"s:21:15:21:Infinity":0,"s:22:2:41:Infinity":1}}}
,"/Users/olya/Desktop/space_craft_production/front-end/lib/test-utils/factories/project-factory.ts": {"path":"/Users/olya/Desktop/space_craft_production/front-end/lib/test-utils/factories/project-factory.ts","statementMap":{"0":{"start":{"line":17,"column":15},"end":{"line":17,"column":null}},"1":{"start":{"line":18,"column":2},"end":{"line":30,"column":null}}},"fnMap":{"0":{"name":"createProject","decl":{"start":{"line":16,"column":16},"end":{"line":16,"column":30}},"loc":{"start":{"line":16,"column":73},"end":{"line":31,"column":null}},"line":16}},"branchMap":{"0":{"loc":{"start":{"line":16,"column":30},"end":{"line":16,"column":73}},"type":"default-arg","locations":[{"start":{"line":16,"column":60},"end":{"line":16,"column":73}}],"line":16}},"s":{"0":1,"1":1},"f":{"0":1},"b":{"0":[1]},"meta":{"lastBranch":1,"lastFunction":1,"lastStatement":2,"seen":{"f:16:16:16:30":0,"b:16:60:16:73":0,"s:17:15:17:Infinity":0,"s:18:2:30:Infinity":1}}}
,"/Users/olya/Desktop/space_craft_production/front-end/lib/test-utils/factories/store-factory.ts": {"path":"/Users/olya/Desktop/space_craft_production/front-end/lib/test-utils/factories/store-factory.ts","statementMap":{"0":{"start":{"line":17,"column":15},"end":{"line":17,"column":null}},"1":{"start":{"line":18,"column":2},"end":{"line":30,"column":null}}},"fnMap":{"0":{"name":"createStore","decl":{"start":{"line":16,"column":16},"end":{"line":16,"column":28}},"loc":{"start":{"line":16,"column":67},"end":{"line":31,"column":null}},"line":16}},"branchMap":{"0":{"loc":{"start":{"line":16,"column":28},"end":{"line":16,"column":67}},"type":"default-arg","locations":[{"start":{"line":16,"column":56},"end":{"line":16,"column":67}}],"line":16}},"s":{"0":1,"1":1},"f":{"0":1},"b":{"0":[1]},"meta":{"lastBranch":1,"lastFunction":1,"lastStatement":2,"seen":{"f:16:16:16:28":0,"b:16:56:16:67":0,"s:17:15:17:Infinity":0,"s:18:2:30:Infinity":1}}}
,"/Users/olya/Desktop/space_craft_production/front-end/lib/test-utils/factories/user-factory.ts": {"path":"/Users/olya/Desktop/space_craft_production/front-end/lib/test-utils/factories/user-factory.ts","statementMap":{"0":{"start":{"line":15,"column":2},"end":{"line":25,"column":null}},"1":{"start":{"line":29,"column":2},"end":{"line":29,"column":null}}},"fnMap":{"0":{"name":"createUser","decl":{"start":{"line":14,"column":16},"end":{"line":14,"column":27}},"loc":{"start":{"line":14,"column":64},"end":{"line":26,"column":null}},"line":14},"1":{"name":"createAdmin","decl":{"start":{"line":28,"column":16},"end":{"line":28,"column":28}},"loc":{"start":{"line":28,"column":65},"end":{"line":30,"column":null}},"line":28}},"branchMap":{"0":{"loc":{"start":{"line":14,"column":27},"end":{"line":14,"column":64}},"type":"default-arg","locations":[{"start":{"line":14,"column":54},"end":{"line":14,"column":64}}],"line":14},"1":{"loc":{"start":{"line":28,"column":28},"end":{"line":28,"column":65}},"type":"default-arg","locations":[{"start":{"line":28,"column":55},"end":{"line":28,"column":65}}],"line":28}},"s":{"0":5,"1":0},"f":{"0":5,"1":0},"b":{"0":[5],"1":[0]},"meta":{"lastBranch":2,"lastFunction":2,"lastStatement":2,"seen":{"f:14:16:14:27":0,"b:14:54:14:64":0,"s:15:2:25:Infinity":0,"f:28:16:28:28":1,"b:28:55:28:65":1,"s:29:2:29:Infinity":1}}}
}
